This file contains any messages produced by compilers while
running configure, to aid debugging if configure makes a mistake.

It was created by libnfc configure 1.6.0-rc1, which was
generated by GNU Autoconf 2.68.  Invocation command line was

  $ ./configure --enable-doc

## --------- ##
## Platform. ##
## --------- ##

hostname = AnupBansod
uname -m = i686
uname -r = 3.2.0-27-generic
uname -s = Linux
uname -v = #43-Ubuntu SMP Fri Jul 6 14:46:35 UTC 2012

/usr/bin/uname -p = unknown
/bin/uname -X     = unknown

/bin/arch              = unknown
/usr/bin/arch -k       = unknown
/usr/convex/getsysinfo = unknown
/usr/bin/hostinfo      = unknown
/bin/machine           = unknown
/usr/bin/oslevel       = unknown
/bin/universe          = unknown

PATH: /home/anup/bin
PATH: /usr/local/bin
PATH: /usr/bin
PATH: /bin
PATH: /usr/games
PATH: /usr/sbin
PATH: /sbin


## ----------- ##
## Core tests. ##
## ----------- ##

configure:2502: checking for a BSD-compatible install
configure:2570: result: /usr/bin/install -c
configure:2581: checking whether build environment is sane
configure:2631: result: yes
configure:2772: checking for a thread-safe mkdir -p
configure:2811: result: /bin/mkdir -p
configure:2824: checking for gawk
configure:2854: result: no
configure:2824: checking for mawk
configure:2840: found /usr/bin/mawk
configure:2851: result: mawk
configure:2862: checking whether make sets $(MAKE)
configure:2884: result: yes
configure:2976: checking for style of include used by make
configure:3004: result: GNU
configure:3075: checking for gcc
configure:3091: found /usr/bin/gcc
configure:3102: result: gcc
configure:3331: checking for C compiler version
configure:3340: gcc --version >&5
gcc (Ubuntu/Linaro 4.6.3-1ubuntu5) 4.6.3
Copyright (C) 2011 Free Software Foundation, Inc.
This is free software; see the source for copying conditions.  There is NO
warranty; not even for MERCHANTABILITY or FITNESS FOR A PARTICULAR PURPOSE.

configure:3351: $? = 0
configure:3340: gcc -v >&5
Using built-in specs.
COLLECT_GCC=gcc
COLLECT_LTO_WRAPPER=/usr/lib/gcc/i686-linux-gnu/4.6/lto-wrapper
Target: i686-linux-gnu
Configured with: ../src/configure -v --with-pkgversion='Ubuntu/Linaro 4.6.3-1ubuntu5' --with-bugurl=file:///usr/share/doc/gcc-4.6/README.Bugs --enable-languages=c,c++,fortran,objc,obj-c++ --prefix=/usr --program-suffix=-4.6 --enable-shared --enable-linker-build-id --with-system-zlib --libexecdir=/usr/lib --without-included-gettext --enable-threads=posix --with-gxx-include-dir=/usr/include/c++/4.6 --libdir=/usr/lib --enable-nls --with-sysroot=/ --enable-clocale=gnu --enable-libstdcxx-debug --enable-libstdcxx-time=yes --enable-gnu-unique-object --enable-plugin --enable-objc-gc --enable-targets=all --disable-werror --with-arch-32=i686 --with-tune=generic --enable-checking=release --build=i686-linux-gnu --host=i686-linux-gnu --target=i686-linux-gnu
Thread model: posix
gcc version 4.6.3 (Ubuntu/Linaro 4.6.3-1ubuntu5) 
configure:3351: $? = 0
configure:3340: gcc -V >&5
gcc: error: unrecognized option '-V'
gcc: fatal error: no input files
compilation terminated.
configure:3351: $? = 4
configure:3340: gcc -qversion >&5
gcc: error: unrecognized option '-qversion'
gcc: fatal error: no input files
compilation terminated.
configure:3351: $? = 4
configure:3371: checking whether the C compiler works
configure:3393: gcc    conftest.c  >&5
configure:3397: $? = 0
configure:3445: result: yes
configure:3448: checking for C compiler default output file name
configure:3450: result: a.out
configure:3456: checking for suffix of executables
configure:3463: gcc -o conftest    conftest.c  >&5
configure:3467: $? = 0
configure:3489: result: 
configure:3511: checking whether we are cross compiling
configure:3519: gcc -o conftest    conftest.c  >&5
configure:3523: $? = 0
configure:3530: ./conftest
configure:3534: $? = 0
configure:3549: result: no
configure:3554: checking for suffix of object files
configure:3576: gcc -c   conftest.c >&5
configure:3580: $? = 0
configure:3601: result: o
configure:3605: checking whether we are using the GNU C compiler
configure:3624: gcc -c   conftest.c >&5
configure:3624: $? = 0
configure:3633: result: yes
configure:3642: checking whether gcc accepts -g
configure:3662: gcc -c -g  conftest.c >&5
configure:3662: $? = 0
configure:3703: result: yes
configure:3720: checking for gcc option to accept ISO C89
configure:3784: gcc  -c -g -O2  conftest.c >&5
configure:3784: $? = 0
configure:3797: result: none needed
configure:3819: checking dependency style of gcc
configure:3930: result: gcc3
configure:3995: checking for ar
configure:4011: found /usr/bin/ar
configure:4022: result: ar
configure:4048: checking the archiver (ar) interface
configure:4058: gcc -c -g -O2  conftest.c >&5
configure:4058: $? = 0
configure:4060: ar cru libconftest.a conftest.o >&5
configure:4063: $? = 0
configure:4086: result: ar
configure:4118: checking whether make supports nested variables
configure:4135: result: yes
configure:4201: checking for gcc
configure:4228: result: gcc
configure:4457: checking for C compiler version
configure:4466: gcc --version >&5
gcc (Ubuntu/Linaro 4.6.3-1ubuntu5) 4.6.3
Copyright (C) 2011 Free Software Foundation, Inc.
This is free software; see the source for copying conditions.  There is NO
warranty; not even for MERCHANTABILITY or FITNESS FOR A PARTICULAR PURPOSE.

configure:4477: $? = 0
configure:4466: gcc -v >&5
Using built-in specs.
COLLECT_GCC=gcc
COLLECT_LTO_WRAPPER=/usr/lib/gcc/i686-linux-gnu/4.6/lto-wrapper
Target: i686-linux-gnu
Configured with: ../src/configure -v --with-pkgversion='Ubuntu/Linaro 4.6.3-1ubuntu5' --with-bugurl=file:///usr/share/doc/gcc-4.6/README.Bugs --enable-languages=c,c++,fortran,objc,obj-c++ --prefix=/usr --program-suffix=-4.6 --enable-shared --enable-linker-build-id --with-system-zlib --libexecdir=/usr/lib --without-included-gettext --enable-threads=posix --with-gxx-include-dir=/usr/include/c++/4.6 --libdir=/usr/lib --enable-nls --with-sysroot=/ --enable-clocale=gnu --enable-libstdcxx-debug --enable-libstdcxx-time=yes --enable-gnu-unique-object --enable-plugin --enable-objc-gc --enable-targets=all --disable-werror --with-arch-32=i686 --with-tune=generic --enable-checking=release --build=i686-linux-gnu --host=i686-linux-gnu --target=i686-linux-gnu
Thread model: posix
gcc version 4.6.3 (Ubuntu/Linaro 4.6.3-1ubuntu5) 
configure:4477: $? = 0
configure:4466: gcc -V >&5
gcc: error: unrecognized option '-V'
gcc: fatal error: no input files
compilation terminated.
configure:4477: $? = 4
configure:4466: gcc -qversion >&5
gcc: error: unrecognized option '-qversion'
gcc: fatal error: no input files
compilation terminated.
configure:4477: $? = 4
configure:4481: checking whether we are using the GNU C compiler
configure:4509: result: yes
configure:4518: checking whether gcc accepts -g
configure:4579: result: yes
configure:4596: checking for gcc option to accept ISO C89
configure:4673: result: none needed
configure:4695: checking dependency style of gcc
configure:4806: result: gcc3
configure:4821: checking whether make sets $(MAKE)
configure:4843: result: yes
configure:4884: checking build system type
configure:4898: result: i686-pc-linux-gnu
configure:4918: checking host system type
configure:4931: result: i686-pc-linux-gnu
configure:4972: checking how to print strings
configure:4999: result: printf
configure:5020: checking for a sed that does not truncate output
configure:5084: result: /bin/sed
configure:5102: checking for grep that handles long lines and -e
configure:5160: result: /bin/grep
configure:5165: checking for egrep
configure:5227: result: /bin/grep -E
configure:5232: checking for fgrep
configure:5294: result: /bin/grep -F
configure:5329: checking for ld used by gcc
configure:5396: result: /usr/bin/ld
configure:5403: checking if the linker (/usr/bin/ld) is GNU ld
configure:5418: result: yes
configure:5430: checking for BSD- or MS-compatible name lister (nm)
configure:5479: result: /usr/bin/nm -B
configure:5609: checking the name lister (/usr/bin/nm -B) interface
configure:5616: gcc -c -g -O2  conftest.c >&5
configure:5619: /usr/bin/nm -B "conftest.o"
configure:5622: output
00000000 B some_variable
configure:5629: result: BSD nm
configure:5632: checking whether ln -s works
configure:5636: result: yes
configure:5644: checking the maximum length of command line arguments
configure:5774: result: 1572864
configure:5791: checking whether the shell understands some XSI constructs
configure:5801: result: yes
configure:5805: checking whether the shell understands "+="
configure:5811: result: yes
configure:5846: checking how to convert i686-pc-linux-gnu file names to i686-pc-linux-gnu format
configure:5886: result: func_convert_file_noop
configure:5893: checking how to convert i686-pc-linux-gnu file names to toolchain format
configure:5913: result: func_convert_file_noop
configure:5920: checking for /usr/bin/ld option to reload object files
configure:5927: result: -r
configure:6001: checking for objdump
configure:6017: found /usr/bin/objdump
configure:6028: result: objdump
configure:6060: checking how to recognize dependent libraries
configure:6262: result: pass_all
configure:6347: checking for dlltool
configure:6377: result: no
configure:6407: checking how to associate runtime and link libraries
configure:6434: result: printf %s\n
configure:6558: checking for archiver @FILE support
configure:6575: gcc -c -g -O2  conftest.c >&5
configure:6575: $? = 0
configure:6578: ar cru libconftest.a @conftest.lst >&5
configure:6581: $? = 0
configure:6586: ar cru libconftest.a @conftest.lst >&5
ar: conftest.o: No such file or directory
configure:6589: $? = 1
configure:6601: result: @
configure:6659: checking for strip
configure:6675: found /usr/bin/strip
configure:6686: result: strip
configure:6758: checking for ranlib
configure:6774: found /usr/bin/ranlib
configure:6785: result: ranlib
configure:6887: checking command to parse /usr/bin/nm -B output from gcc object
configure:7007: gcc -c -g -O2  conftest.c >&5
configure:7010: $? = 0
configure:7014: /usr/bin/nm -B conftest.o \| sed -n -e 's/^.*[ ]\([ABCDGIRSTW][ABCDGIRSTW]*\)[ ][ ]*\([_A-Za-z][_A-Za-z0-9]*\)$/\1 \2 \2/p' | sed '/ __gnu_lto/d' \> conftest.nm
configure:7017: $? = 0
configure:7083: gcc -o conftest -g -O2   conftest.c conftstm.o >&5
configure:7086: $? = 0
configure:7124: result: ok
configure:7161: checking for sysroot
configure:7191: result: no
configure:7447: checking for mt
configure:7463: found /bin/mt
configure:7474: result: mt
configure:7497: checking if mt is a manifest tool
configure:7503: mt '-?'
configure:7511: result: no
configure:8153: checking how to run the C preprocessor
configure:8184: gcc -E  conftest.c
configure:8184: $? = 0
configure:8198: gcc -E  conftest.c
conftest.c:12:28: fatal error: ac_nonexistent.h: No such file or directory
compilation terminated.
configure:8198: $? = 1
configure: failed program was:
| /* confdefs.h */
| #define PACKAGE_NAME "libnfc"
| #define PACKAGE_TARNAME "libnfc"
| #define PACKAGE_VERSION "1.6.0-rc1"
| #define PACKAGE_STRING "libnfc 1.6.0-rc1"
| #define PACKAGE_BUGREPORT "info@libnfc.org"
| #define PACKAGE_URL ""
| #define SVN_REVISION "exported"
| #define PACKAGE "libnfc"
| #define VERSION "1.6.0-rc1"
| /* end confdefs.h.  */
| #include <ac_nonexistent.h>
configure:8223: result: gcc -E
configure:8243: gcc -E  conftest.c
configure:8243: $? = 0
configure:8257: gcc -E  conftest.c
conftest.c:12:28: fatal error: ac_nonexistent.h: No such file or directory
compilation terminated.
configure:8257: $? = 1
configure: failed program was:
| /* confdefs.h */
| #define PACKAGE_NAME "libnfc"
| #define PACKAGE_TARNAME "libnfc"
| #define PACKAGE_VERSION "1.6.0-rc1"
| #define PACKAGE_STRING "libnfc 1.6.0-rc1"
| #define PACKAGE_BUGREPORT "info@libnfc.org"
| #define PACKAGE_URL ""
| #define SVN_REVISION "exported"
| #define PACKAGE "libnfc"
| #define VERSION "1.6.0-rc1"
| /* end confdefs.h.  */
| #include <ac_nonexistent.h>
configure:8286: checking for ANSI C header files
configure:8306: gcc -c -g -O2  conftest.c >&5
configure:8306: $? = 0
configure:8379: gcc -o conftest -g -O2   conftest.c  >&5
configure:8379: $? = 0
configure:8379: ./conftest
configure:8379: $? = 0
configure:8390: result: yes
configure:8403: checking for sys/types.h
configure:8403: gcc -c -g -O2  conftest.c >&5
configure:8403: $? = 0
configure:8403: result: yes
configure:8403: checking for sys/stat.h
configure:8403: gcc -c -g -O2  conftest.c >&5
configure:8403: $? = 0
configure:8403: result: yes
configure:8403: checking for stdlib.h
configure:8403: gcc -c -g -O2  conftest.c >&5
configure:8403: $? = 0
configure:8403: result: yes
configure:8403: checking for string.h
configure:8403: gcc -c -g -O2  conftest.c >&5
configure:8403: $? = 0
configure:8403: result: yes
configure:8403: checking for memory.h
configure:8403: gcc -c -g -O2  conftest.c >&5
configure:8403: $? = 0
configure:8403: result: yes
configure:8403: checking for strings.h
configure:8403: gcc -c -g -O2  conftest.c >&5
configure:8403: $? = 0
configure:8403: result: yes
configure:8403: checking for inttypes.h
configure:8403: gcc -c -g -O2  conftest.c >&5
configure:8403: $? = 0
configure:8403: result: yes
configure:8403: checking for stdint.h
configure:8403: gcc -c -g -O2  conftest.c >&5
configure:8403: $? = 0
configure:8403: result: yes
configure:8403: checking for unistd.h
configure:8403: gcc -c -g -O2  conftest.c >&5
configure:8403: $? = 0
configure:8403: result: yes
configure:8417: checking for dlfcn.h
configure:8417: gcc -c -g -O2  conftest.c >&5
configure:8417: $? = 0
configure:8417: result: yes
configure:8623: checking for objdir
configure:8638: result: .libs
configure:8909: checking if gcc supports -fno-rtti -fno-exceptions
configure:8927: gcc -c -g -O2  -fno-rtti -fno-exceptions conftest.c >&5
cc1: warning: command line option '-fno-rtti' is valid for C++/ObjC++ but not for C [enabled by default]
configure:8931: $? = 0
configure:8944: result: no
configure:9271: checking for gcc option to produce PIC
configure:9278: result: -fPIC -DPIC
configure:9286: checking if gcc PIC flag -fPIC -DPIC works
configure:9304: gcc -c -g -O2  -fPIC -DPIC -DPIC conftest.c >&5
configure:9308: $? = 0
configure:9321: result: yes
configure:9350: checking if gcc static flag -static works
configure:9378: result: yes
configure:9393: checking if gcc supports -c -o file.o
configure:9414: gcc -c -g -O2  -o out/conftest2.o conftest.c >&5
configure:9418: $? = 0
configure:9440: result: yes
configure:9448: checking if gcc supports -c -o file.o
configure:9495: result: yes
configure:9528: checking whether the gcc linker (/usr/bin/ld) supports shared libraries
configure:10685: result: yes
configure:10722: checking whether -lc should be explicitly linked in
configure:10730: gcc -c -g -O2  conftest.c >&5
configure:10733: $? = 0
configure:10748: gcc -shared  -fPIC -DPIC conftest.o  -v -Wl,-soname -Wl,conftest -o conftest 2\>\&1 \| /bin/grep  -lc  \>/dev/null 2\>\&1
configure:10751: $? = 0
configure:10765: result: no
configure:10925: checking dynamic linker characteristics
configure:11436: gcc -o conftest -g -O2   -Wl,-rpath -Wl,/foo conftest.c  >&5
configure:11436: $? = 0
configure:11670: result: GNU/Linux ld.so
configure:11777: checking how to hardcode library paths into programs
configure:11802: result: immediate
configure:12342: checking whether stripping libraries is possible
configure:12347: result: yes
configure:12382: checking if libtool supports shared libraries
configure:12384: result: yes
configure:12387: checking whether to build shared libraries
configure:12408: result: yes
configure:12411: checking whether to build static libraries
configure:12415: result: yes
configure:12454: result: Fixing libtool for -rpath problems.
configure:12477: checking for pkg-config
configure:12495: found /usr/bin/pkg-config
configure:12507: result: /usr/bin/pkg-config
configure:12520: checking for ANSI C header files
configure:12624: result: yes
configure:12632: checking for stdbool.h that conforms to C99
configure:12699: gcc -c -g -O2  conftest.c >&5
configure:12699: $? = 0
configure:12706: result: yes
configure:12708: checking for _Bool
configure:12708: gcc -c -g -O2  conftest.c >&5
configure:12708: $? = 0
configure:12708: gcc -c -g -O2  conftest.c >&5
conftest.c: In function 'main':
conftest.c:61:20: error: expected expression before ')' token
configure:12708: $? = 1
configure: failed program was:
| /* confdefs.h */
| #define PACKAGE_NAME "libnfc"
| #define PACKAGE_TARNAME "libnfc"
| #define PACKAGE_VERSION "1.6.0-rc1"
| #define PACKAGE_STRING "libnfc 1.6.0-rc1"
| #define PACKAGE_BUGREPORT "info@libnfc.org"
| #define PACKAGE_URL ""
| #define SVN_REVISION "exported"
| #define PACKAGE "libnfc"
| #define VERSION "1.6.0-rc1"
| #define STDC_HEADERS 1
| #define HAVE_SYS_TYPES_H 1
| #define HAVE_SYS_STAT_H 1
| #define HAVE_STDLIB_H 1
| #define HAVE_STRING_H 1
| #define HAVE_MEMORY_H 1
| #define HAVE_STRINGS_H 1
| #define HAVE_INTTYPES_H 1
| #define HAVE_STDINT_H 1
| #define HAVE_UNISTD_H 1
| #define HAVE_DLFCN_H 1
| #define LT_OBJDIR ".libs/"
| #define STDC_HEADERS 1
| /* end confdefs.h.  */
| #include <stdio.h>
| #ifdef HAVE_SYS_TYPES_H
| # include <sys/types.h>
| #endif
| #ifdef HAVE_SYS_STAT_H
| # include <sys/stat.h>
| #endif
| #ifdef STDC_HEADERS
| # include <stdlib.h>
| # include <stddef.h>
| #else
| # ifdef HAVE_STDLIB_H
| #  include <stdlib.h>
| # endif
| #endif
| #ifdef HAVE_STRING_H
| # if !defined STDC_HEADERS && defined HAVE_MEMORY_H
| #  include <memory.h>
| # endif
| # include <string.h>
| #endif
| #ifdef HAVE_STRINGS_H
| # include <strings.h>
| #endif
| #ifdef HAVE_INTTYPES_H
| # include <inttypes.h>
| #endif
| #ifdef HAVE_STDINT_H
| # include <stdint.h>
| #endif
| #ifdef HAVE_UNISTD_H
| # include <unistd.h>
| #endif
| int
| main ()
| {
| if (sizeof ((_Bool)))
| 	    return 0;
|   ;
|   return 0;
| }
configure:12708: result: yes
configure:12727: checking fcntl.h usability
configure:12727: gcc -c -g -O2  conftest.c >&5
configure:12727: $? = 0
configure:12727: result: yes
configure:12727: checking fcntl.h presence
configure:12727: gcc -E  conftest.c
configure:12727: $? = 0
configure:12727: result: yes
configure:12727: checking for fcntl.h
configure:12727: result: yes
configure:12727: checking limits.h usability
configure:12727: gcc -c -g -O2  conftest.c >&5
configure:12727: $? = 0
configure:12727: result: yes
configure:12727: checking limits.h presence
configure:12727: gcc -E  conftest.c
configure:12727: $? = 0
configure:12727: result: yes
configure:12727: checking for limits.h
configure:12727: result: yes
configure:12727: checking stdio.h usability
configure:12727: gcc -c -g -O2  conftest.c >&5
configure:12727: $? = 0
configure:12727: result: yes
configure:12727: checking stdio.h presence
configure:12727: gcc -E  conftest.c
configure:12727: $? = 0
configure:12727: result: yes
configure:12727: checking for stdio.h
configure:12727: result: yes
configure:12727: checking for stdlib.h
configure:12727: result: yes
configure:12727: checking for stdint.h
configure:12727: result: yes
configure:12727: checking stddef.h usability
configure:12727: gcc -c -g -O2  conftest.c >&5
configure:12727: $? = 0
configure:12727: result: yes
configure:12727: checking stddef.h presence
configure:12727: gcc -E  conftest.c
configure:12727: $? = 0
configure:12727: result: yes
configure:12727: checking for stddef.h
configure:12727: result: yes
configure:12727: checking for stdbool.h
configure:12727: result: yes
configure:12727: checking sys/ioctl.h usability
configure:12727: gcc -c -g -O2  conftest.c >&5
configure:12727: $? = 0
configure:12727: result: yes
configure:12727: checking sys/ioctl.h presence
configure:12727: gcc -E  conftest.c
configure:12727: $? = 0
configure:12727: result: yes
configure:12727: checking for sys/ioctl.h
configure:12727: result: yes
configure:12727: checking sys/param.h usability
configure:12727: gcc -c -g -O2  conftest.c >&5
configure:12727: $? = 0
configure:12727: result: yes
configure:12727: checking sys/param.h presence
configure:12727: gcc -E  conftest.c
configure:12727: $? = 0
configure:12727: result: yes
configure:12727: checking for sys/param.h
configure:12727: result: yes
configure:12727: checking sys/time.h usability
configure:12727: gcc -c -g -O2  conftest.c >&5
configure:12727: $? = 0
configure:12727: result: yes
configure:12727: checking sys/time.h presence
configure:12727: gcc -E  conftest.c
configure:12727: $? = 0
configure:12727: result: yes
configure:12727: checking for sys/time.h
configure:12727: result: yes
configure:12727: checking termios.h usability
configure:12727: gcc -c -g -O2  conftest.c >&5
configure:12727: $? = 0
configure:12727: result: yes
configure:12727: checking termios.h presence
configure:12727: gcc -E  conftest.c
configure:12727: $? = 0
configure:12727: result: yes
configure:12727: checking for termios.h
configure:12727: result: yes
configure:12740: checking for memmove
configure:12740: gcc -o conftest -g -O2   conftest.c  >&5
conftest.c:61:6: warning: conflicting types for built-in function 'memmove' [enabled by default]
configure:12740: $? = 0
configure:12740: result: yes
configure:12740: checking for memset
configure:12740: gcc -o conftest -g -O2   conftest.c  >&5
conftest.c:63:6: warning: conflicting types for built-in function 'memset' [enabled by default]
configure:12740: $? = 0
configure:12740: result: yes
configure:12740: checking for select
configure:12740: gcc -o conftest -g -O2   conftest.c  >&5
configure:12740: $? = 0
configure:12740: result: yes
configure:12740: checking for strdup
configure:12740: gcc -o conftest -g -O2   conftest.c  >&5
conftest.c:67:6: warning: conflicting types for built-in function 'strdup' [enabled by default]
configure:12740: $? = 0
configure:12740: result: yes
configure:12740: checking for strerror
configure:12740: gcc -o conftest -g -O2   conftest.c  >&5
configure:12740: $? = 0
configure:12740: result: yes
configure:12740: checking for strstr
configure:12740: gcc -o conftest -g -O2   conftest.c  >&5
conftest.c:71:6: warning: conflicting types for built-in function 'strstr' [enabled by default]
configure:12740: $? = 0
configure:12740: result: yes
configure:12740: checking for strtol
configure:12740: gcc -o conftest -g -O2   conftest.c  >&5
configure:12740: $? = 0
configure:12740: result: yes
configure:12740: checking for usleep
configure:12740: gcc -o conftest -g -O2   conftest.c  >&5
configure:12740: $? = 0
configure:12740: result: yes
configure:12763: checking for size_t
configure:12763: gcc -c -g -O2  conftest.c >&5
configure:12763: $? = 0
configure:12763: gcc -c -g -O2  conftest.c >&5
conftest.c: In function 'main':
conftest.c:92:21: error: expected expression before ')' token
configure:12763: $? = 1
configure: failed program was:
| /* confdefs.h */
| #define PACKAGE_NAME "libnfc"
| #define PACKAGE_TARNAME "libnfc"
| #define PACKAGE_VERSION "1.6.0-rc1"
| #define PACKAGE_STRING "libnfc 1.6.0-rc1"
| #define PACKAGE_BUGREPORT "info@libnfc.org"
| #define PACKAGE_URL ""
| #define SVN_REVISION "exported"
| #define PACKAGE "libnfc"
| #define VERSION "1.6.0-rc1"
| #define STDC_HEADERS 1
| #define HAVE_SYS_TYPES_H 1
| #define HAVE_SYS_STAT_H 1
| #define HAVE_STDLIB_H 1
| #define HAVE_STRING_H 1
| #define HAVE_MEMORY_H 1
| #define HAVE_STRINGS_H 1
| #define HAVE_INTTYPES_H 1
| #define HAVE_STDINT_H 1
| #define HAVE_UNISTD_H 1
| #define HAVE_DLFCN_H 1
| #define LT_OBJDIR ".libs/"
| #define STDC_HEADERS 1
| #define HAVE__BOOL 1
| #define HAVE_STDBOOL_H 1
| #define HAVE_FCNTL_H 1
| #define HAVE_LIMITS_H 1
| #define HAVE_STDIO_H 1
| #define HAVE_STDLIB_H 1
| #define HAVE_STDINT_H 1
| #define HAVE_STDDEF_H 1
| #define HAVE_STDBOOL_H 1
| #define HAVE_SYS_IOCTL_H 1
| #define HAVE_SYS_PARAM_H 1
| #define HAVE_SYS_TIME_H 1
| #define HAVE_TERMIOS_H 1
| #define HAVE_MEMMOVE 1
| #define _XOPEN_SOURCE 600
| #define HAVE_MEMSET 1
| #define _XOPEN_SOURCE 600
| #define HAVE_SELECT 1
| #define _XOPEN_SOURCE 600
| #define HAVE_STRDUP 1
| #define _XOPEN_SOURCE 600
| #define HAVE_STRERROR 1
| #define _XOPEN_SOURCE 600
| #define HAVE_STRSTR 1
| #define _XOPEN_SOURCE 600
| #define HAVE_STRTOL 1
| #define _XOPEN_SOURCE 600
| #define HAVE_USLEEP 1
| #define _XOPEN_SOURCE 600
| #define _NETBSD_SOURCE 1
| #define _DARWIN_C_SOURCE 1
| /* end confdefs.h.  */
| #include <stdio.h>
| #ifdef HAVE_SYS_TYPES_H
| # include <sys/types.h>
| #endif
| #ifdef HAVE_SYS_STAT_H
| # include <sys/stat.h>
| #endif
| #ifdef STDC_HEADERS
| # include <stdlib.h>
| # include <stddef.h>
| #else
| # ifdef HAVE_STDLIB_H
| #  include <stdlib.h>
| # endif
| #endif
| #ifdef HAVE_STRING_H
| # if !defined STDC_HEADERS && defined HAVE_MEMORY_H
| #  include <memory.h>
| # endif
| # include <string.h>
| #endif
| #ifdef HAVE_STRINGS_H
| # include <strings.h>
| #endif
| #ifdef HAVE_INTTYPES_H
| # include <inttypes.h>
| #endif
| #ifdef HAVE_STDINT_H
| # include <stdint.h>
| #endif
| #ifdef HAVE_UNISTD_H
| # include <unistd.h>
| #endif
| int
| main ()
| {
| if (sizeof ((size_t)))
| 	    return 0;
|   ;
|   return 0;
| }
configure:12763: result: yes
configure:12774: checking for uint8_t
configure:12774: gcc -c -g -O2  conftest.c >&5
configure:12774: $? = 0
configure:12774: result: yes
configure:12788: checking for uint16_t
configure:12788: gcc -c -g -O2  conftest.c >&5
configure:12788: $? = 0
configure:12788: result: yes
configure:12800: checking for uint32_t
configure:12800: gcc -c -g -O2  conftest.c >&5
configure:12800: $? = 0
configure:12800: result: yes
configure:12814: checking for uint64_t
configure:12814: gcc -c -g -O2  conftest.c >&5
configure:12814: $? = 0
configure:12814: result: yes
configure:12828: checking for int16_t
configure:12828: gcc -c -g -O2  conftest.c >&5
configure:12828: $? = 0
configure:12828: gcc -c -g -O2  conftest.c >&5
conftest.c: In function 'main':
conftest.c:93:12: error: size of array 'test_array' is negative
configure:12828: $? = 1
configure: failed program was:
| /* confdefs.h */
| #define PACKAGE_NAME "libnfc"
| #define PACKAGE_TARNAME "libnfc"
| #define PACKAGE_VERSION "1.6.0-rc1"
| #define PACKAGE_STRING "libnfc 1.6.0-rc1"
| #define PACKAGE_BUGREPORT "info@libnfc.org"
| #define PACKAGE_URL ""
| #define SVN_REVISION "exported"
| #define PACKAGE "libnfc"
| #define VERSION "1.6.0-rc1"
| #define STDC_HEADERS 1
| #define HAVE_SYS_TYPES_H 1
| #define HAVE_SYS_STAT_H 1
| #define HAVE_STDLIB_H 1
| #define HAVE_STRING_H 1
| #define HAVE_MEMORY_H 1
| #define HAVE_STRINGS_H 1
| #define HAVE_INTTYPES_H 1
| #define HAVE_STDINT_H 1
| #define HAVE_UNISTD_H 1
| #define HAVE_DLFCN_H 1
| #define LT_OBJDIR ".libs/"
| #define STDC_HEADERS 1
| #define HAVE__BOOL 1
| #define HAVE_STDBOOL_H 1
| #define HAVE_FCNTL_H 1
| #define HAVE_LIMITS_H 1
| #define HAVE_STDIO_H 1
| #define HAVE_STDLIB_H 1
| #define HAVE_STDINT_H 1
| #define HAVE_STDDEF_H 1
| #define HAVE_STDBOOL_H 1
| #define HAVE_SYS_IOCTL_H 1
| #define HAVE_SYS_PARAM_H 1
| #define HAVE_SYS_TIME_H 1
| #define HAVE_TERMIOS_H 1
| #define HAVE_MEMMOVE 1
| #define _XOPEN_SOURCE 600
| #define HAVE_MEMSET 1
| #define _XOPEN_SOURCE 600
| #define HAVE_SELECT 1
| #define _XOPEN_SOURCE 600
| #define HAVE_STRDUP 1
| #define _XOPEN_SOURCE 600
| #define HAVE_STRERROR 1
| #define _XOPEN_SOURCE 600
| #define HAVE_STRSTR 1
| #define _XOPEN_SOURCE 600
| #define HAVE_STRTOL 1
| #define _XOPEN_SOURCE 600
| #define HAVE_USLEEP 1
| #define _XOPEN_SOURCE 600
| #define _NETBSD_SOURCE 1
| #define _DARWIN_C_SOURCE 1
| /* end confdefs.h.  */
| #include <stdio.h>
| #ifdef HAVE_SYS_TYPES_H
| # include <sys/types.h>
| #endif
| #ifdef HAVE_SYS_STAT_H
| # include <sys/stat.h>
| #endif
| #ifdef STDC_HEADERS
| # include <stdlib.h>
| # include <stddef.h>
| #else
| # ifdef HAVE_STDLIB_H
| #  include <stdlib.h>
| # endif
| #endif
| #ifdef HAVE_STRING_H
| # if !defined STDC_HEADERS && defined HAVE_MEMORY_H
| #  include <memory.h>
| # endif
| # include <string.h>
| #endif
| #ifdef HAVE_STRINGS_H
| # include <strings.h>
| #endif
| #ifdef HAVE_INTTYPES_H
| # include <inttypes.h>
| #endif
| #ifdef HAVE_STDINT_H
| # include <stdint.h>
| #endif
| #ifdef HAVE_UNISTD_H
| # include <unistd.h>
| #endif
| 	        enum { N = 16 / 2 - 1 };
| int
| main ()
| {
| static int test_array [1 - 2 * !((int16_t) (((((int16_t) 1 << N) << N) - 1) * 2 + 1)
| 		 < (int16_t) (((((int16_t) 1 << N) << N) - 1) * 2 + 2))];
| test_array [0] = 0
| 
|   ;
|   return 0;
| }
configure:12828: result: yes
configure:12839: checking for int32_t
configure:12839: gcc -c -g -O2  conftest.c >&5
configure:12839: $? = 0
configure:12839: gcc -c -g -O2  conftest.c >&5
conftest.c: In function 'main':
conftest.c:94:53: warning: integer overflow in expression [-Woverflow]
conftest.c:93:12: error: size of array 'test_array' is negative
conftest.c:93:12: error: storage size of 'test_array' isn't constant
configure:12839: $? = 1
configure: failed program was:
| /* confdefs.h */
| #define PACKAGE_NAME "libnfc"
| #define PACKAGE_TARNAME "libnfc"
| #define PACKAGE_VERSION "1.6.0-rc1"
| #define PACKAGE_STRING "libnfc 1.6.0-rc1"
| #define PACKAGE_BUGREPORT "info@libnfc.org"
| #define PACKAGE_URL ""
| #define SVN_REVISION "exported"
| #define PACKAGE "libnfc"
| #define VERSION "1.6.0-rc1"
| #define STDC_HEADERS 1
| #define HAVE_SYS_TYPES_H 1
| #define HAVE_SYS_STAT_H 1
| #define HAVE_STDLIB_H 1
| #define HAVE_STRING_H 1
| #define HAVE_MEMORY_H 1
| #define HAVE_STRINGS_H 1
| #define HAVE_INTTYPES_H 1
| #define HAVE_STDINT_H 1
| #define HAVE_UNISTD_H 1
| #define HAVE_DLFCN_H 1
| #define LT_OBJDIR ".libs/"
| #define STDC_HEADERS 1
| #define HAVE__BOOL 1
| #define HAVE_STDBOOL_H 1
| #define HAVE_FCNTL_H 1
| #define HAVE_LIMITS_H 1
| #define HAVE_STDIO_H 1
| #define HAVE_STDLIB_H 1
| #define HAVE_STDINT_H 1
| #define HAVE_STDDEF_H 1
| #define HAVE_STDBOOL_H 1
| #define HAVE_SYS_IOCTL_H 1
| #define HAVE_SYS_PARAM_H 1
| #define HAVE_SYS_TIME_H 1
| #define HAVE_TERMIOS_H 1
| #define HAVE_MEMMOVE 1
| #define _XOPEN_SOURCE 600
| #define HAVE_MEMSET 1
| #define _XOPEN_SOURCE 600
| #define HAVE_SELECT 1
| #define _XOPEN_SOURCE 600
| #define HAVE_STRDUP 1
| #define _XOPEN_SOURCE 600
| #define HAVE_STRERROR 1
| #define _XOPEN_SOURCE 600
| #define HAVE_STRSTR 1
| #define _XOPEN_SOURCE 600
| #define HAVE_STRTOL 1
| #define _XOPEN_SOURCE 600
| #define HAVE_USLEEP 1
| #define _XOPEN_SOURCE 600
| #define _NETBSD_SOURCE 1
| #define _DARWIN_C_SOURCE 1
| /* end confdefs.h.  */
| #include <stdio.h>
| #ifdef HAVE_SYS_TYPES_H
| # include <sys/types.h>
| #endif
| #ifdef HAVE_SYS_STAT_H
| # include <sys/stat.h>
| #endif
| #ifdef STDC_HEADERS
| # include <stdlib.h>
| # include <stddef.h>
| #else
| # ifdef HAVE_STDLIB_H
| #  include <stdlib.h>
| # endif
| #endif
| #ifdef HAVE_STRING_H
| # if !defined STDC_HEADERS && defined HAVE_MEMORY_H
| #  include <memory.h>
| # endif
| # include <string.h>
| #endif
| #ifdef HAVE_STRINGS_H
| # include <strings.h>
| #endif
| #ifdef HAVE_INTTYPES_H
| # include <inttypes.h>
| #endif
| #ifdef HAVE_STDINT_H
| # include <stdint.h>
| #endif
| #ifdef HAVE_UNISTD_H
| # include <unistd.h>
| #endif
| 	        enum { N = 32 / 2 - 1 };
| int
| main ()
| {
| static int test_array [1 - 2 * !((int32_t) (((((int32_t) 1 << N) << N) - 1) * 2 + 1)
| 		 < (int32_t) (((((int32_t) 1 << N) << N) - 1) * 2 + 2))];
| test_array [0] = 0
| 
|   ;
|   return 0;
| }
configure:12839: result: yes
configure:12850: checking for off_t
configure:12850: gcc -c -g -O2  conftest.c >&5
configure:12850: $? = 0
configure:12850: gcc -c -g -O2  conftest.c >&5
conftest.c: In function 'main':
conftest.c:92:20: error: expected expression before ')' token
configure:12850: $? = 1
configure: failed program was:
| /* confdefs.h */
| #define PACKAGE_NAME "libnfc"
| #define PACKAGE_TARNAME "libnfc"
| #define PACKAGE_VERSION "1.6.0-rc1"
| #define PACKAGE_STRING "libnfc 1.6.0-rc1"
| #define PACKAGE_BUGREPORT "info@libnfc.org"
| #define PACKAGE_URL ""
| #define SVN_REVISION "exported"
| #define PACKAGE "libnfc"
| #define VERSION "1.6.0-rc1"
| #define STDC_HEADERS 1
| #define HAVE_SYS_TYPES_H 1
| #define HAVE_SYS_STAT_H 1
| #define HAVE_STDLIB_H 1
| #define HAVE_STRING_H 1
| #define HAVE_MEMORY_H 1
| #define HAVE_STRINGS_H 1
| #define HAVE_INTTYPES_H 1
| #define HAVE_STDINT_H 1
| #define HAVE_UNISTD_H 1
| #define HAVE_DLFCN_H 1
| #define LT_OBJDIR ".libs/"
| #define STDC_HEADERS 1
| #define HAVE__BOOL 1
| #define HAVE_STDBOOL_H 1
| #define HAVE_FCNTL_H 1
| #define HAVE_LIMITS_H 1
| #define HAVE_STDIO_H 1
| #define HAVE_STDLIB_H 1
| #define HAVE_STDINT_H 1
| #define HAVE_STDDEF_H 1
| #define HAVE_STDBOOL_H 1
| #define HAVE_SYS_IOCTL_H 1
| #define HAVE_SYS_PARAM_H 1
| #define HAVE_SYS_TIME_H 1
| #define HAVE_TERMIOS_H 1
| #define HAVE_MEMMOVE 1
| #define _XOPEN_SOURCE 600
| #define HAVE_MEMSET 1
| #define _XOPEN_SOURCE 600
| #define HAVE_SELECT 1
| #define _XOPEN_SOURCE 600
| #define HAVE_STRDUP 1
| #define _XOPEN_SOURCE 600
| #define HAVE_STRERROR 1
| #define _XOPEN_SOURCE 600
| #define HAVE_STRSTR 1
| #define _XOPEN_SOURCE 600
| #define HAVE_STRTOL 1
| #define _XOPEN_SOURCE 600
| #define HAVE_USLEEP 1
| #define _XOPEN_SOURCE 600
| #define _NETBSD_SOURCE 1
| #define _DARWIN_C_SOURCE 1
| /* end confdefs.h.  */
| #include <stdio.h>
| #ifdef HAVE_SYS_TYPES_H
| # include <sys/types.h>
| #endif
| #ifdef HAVE_SYS_STAT_H
| # include <sys/stat.h>
| #endif
| #ifdef STDC_HEADERS
| # include <stdlib.h>
| # include <stddef.h>
| #else
| # ifdef HAVE_STDLIB_H
| #  include <stdlib.h>
| # endif
| #endif
| #ifdef HAVE_STRING_H
| # if !defined STDC_HEADERS && defined HAVE_MEMORY_H
| #  include <memory.h>
| # endif
| # include <string.h>
| #endif
| #ifdef HAVE_STRINGS_H
| # include <strings.h>
| #endif
| #ifdef HAVE_INTTYPES_H
| # include <inttypes.h>
| #endif
| #ifdef HAVE_STDINT_H
| # include <stdint.h>
| #endif
| #ifdef HAVE_UNISTD_H
| # include <unistd.h>
| #endif
| int
| main ()
| {
| if (sizeof ((off_t)))
| 	    return 0;
|   ;
|   return 0;
| }
configure:12850: result: yes
configure:12874: checking for debug flag
configure:12876: result: no
configure:12894: checking which drivers to build
configure:12915: result: default drivers
configure:13035: checking for serial autoprobe flag
configure:13037: result: no
configure:13054: checking for documentation request
configure:13056: result: yes
configure:13063: checking for doxygen
configure:13096: result: no
configure:13103: error: doxygen is mandatory.

## ---------------- ##
## Cache variables. ##
## ---------------- ##

ac_cv_build=i686-pc-linux-gnu
ac_cv_c_compiler_gnu=yes
ac_cv_c_int16_t=yes
ac_cv_c_int32_t=yes
ac_cv_c_uint16_t=yes
ac_cv_c_uint32_t=yes
ac_cv_c_uint64_t=yes
ac_cv_c_uint8_t=yes
ac_cv_env_CC_set=
ac_cv_env_CC_value=
ac_cv_env_CFLAGS_set=
ac_cv_env_CFLAGS_value=
ac_cv_env_CPPFLAGS_set=
ac_cv_env_CPPFLAGS_value=
ac_cv_env_CPP_set=
ac_cv_env_CPP_value=
ac_cv_env_LDFLAGS_set=
ac_cv_env_LDFLAGS_value=
ac_cv_env_LIBS_set=
ac_cv_env_LIBS_value=
ac_cv_env_PKG_CONFIG_LIBDIR_set=
ac_cv_env_PKG_CONFIG_LIBDIR_value=
ac_cv_env_PKG_CONFIG_PATH_set=
ac_cv_env_PKG_CONFIG_PATH_value=
ac_cv_env_PKG_CONFIG_set=
ac_cv_env_PKG_CONFIG_value=
ac_cv_env_build_alias_set=
ac_cv_env_build_alias_value=
ac_cv_env_host_alias_set=
ac_cv_env_host_alias_value=
ac_cv_env_libpcsclite_CFLAGS_set=
ac_cv_env_libpcsclite_CFLAGS_value=
ac_cv_env_libpcsclite_LIBS_set=
ac_cv_env_libpcsclite_LIBS_value=
ac_cv_env_libusb_CFLAGS_set=
ac_cv_env_libusb_CFLAGS_value=
ac_cv_env_libusb_LIBS_set=
ac_cv_env_libusb_LIBS_value=
ac_cv_env_target_alias_set=
ac_cv_env_target_alias_value=
ac_cv_func_memmove=yes
ac_cv_func_memset=yes
ac_cv_func_select=yes
ac_cv_func_strdup=yes
ac_cv_func_strerror=yes
ac_cv_func_strstr=yes
ac_cv_func_strtol=yes
ac_cv_func_usleep=yes
ac_cv_header_dlfcn_h=yes
ac_cv_header_fcntl_h=yes
ac_cv_header_inttypes_h=yes
ac_cv_header_limits_h=yes
ac_cv_header_memory_h=yes
ac_cv_header_stdbool_h=yes
ac_cv_header_stdc=yes
ac_cv_header_stddef_h=yes
ac_cv_header_stdint_h=yes
ac_cv_header_stdio_h=yes
ac_cv_header_stdlib_h=yes
ac_cv_header_string_h=yes
ac_cv_header_strings_h=yes
ac_cv_header_sys_ioctl_h=yes
ac_cv_header_sys_param_h=yes
ac_cv_header_sys_stat_h=yes
ac_cv_header_sys_time_h=yes
ac_cv_header_sys_types_h=yes
ac_cv_header_termios_h=yes
ac_cv_header_unistd_h=yes
ac_cv_host=i686-pc-linux-gnu
ac_cv_objext=o
ac_cv_path_EGREP='/bin/grep -E'
ac_cv_path_FGREP='/bin/grep -F'
ac_cv_path_GREP=/bin/grep
ac_cv_path_PKG_CONFIG=/usr/bin/pkg-config
ac_cv_path_SED=/bin/sed
ac_cv_path_install='/usr/bin/install -c'
ac_cv_path_mkdir=/bin/mkdir
ac_cv_prog_AWK=mawk
ac_cv_prog_CPP='gcc -E'
ac_cv_prog_ac_ct_AR=ar
ac_cv_prog_ac_ct_CC=gcc
ac_cv_prog_ac_ct_MANIFEST_TOOL=mt
ac_cv_prog_ac_ct_OBJDUMP=objdump
ac_cv_prog_ac_ct_RANLIB=ranlib
ac_cv_prog_ac_ct_STRIP=strip
ac_cv_prog_cc_c89=
ac_cv_prog_cc_g=yes
ac_cv_prog_make_make_set=yes
ac_cv_type__Bool=yes
ac_cv_type_off_t=yes
ac_cv_type_size_t=yes
am_cv_CC_dependencies_compiler_type=gcc3
am_cv_ar_interface=ar
am_cv_make_support_nested_variables=yes
lt_cv_ar_at_file=@
lt_cv_archive_cmds_need_lc=no
lt_cv_deplibs_check_method=pass_all
lt_cv_file_magic_cmd='$MAGIC_CMD'
lt_cv_file_magic_test_file=
lt_cv_ld_reload_flag=-r
lt_cv_nm_interface='BSD nm'
lt_cv_objdir=.libs
lt_cv_path_LD=/usr/bin/ld
lt_cv_path_NM='/usr/bin/nm -B'
lt_cv_path_mainfest_tool=no
lt_cv_prog_compiler_c_o=yes
lt_cv_prog_compiler_pic='-fPIC -DPIC'
lt_cv_prog_compiler_pic_works=yes
lt_cv_prog_compiler_rtti_exceptions=no
lt_cv_prog_compiler_static_works=yes
lt_cv_prog_gnu_ld=yes
lt_cv_sharedlib_from_linklib_cmd='printf %s\n'
lt_cv_shlibpath_overrides_runpath=no
lt_cv_sys_global_symbol_pipe='sed -n -e '\''s/^.*[	 ]\([ABCDGIRSTW][ABCDGIRSTW]*\)[	 ][	 ]*\([_A-Za-z][_A-Za-z0-9]*\)$/\1 \2 \2/p'\'' | sed '\''/ __gnu_lto/d'\'''
lt_cv_sys_global_symbol_to_c_name_address='sed -n -e '\''s/^: \([^ ]*\)[ ]*$/  {\"\1\", (void *) 0},/p'\'' -e '\''s/^[ABCDGIRSTW]* \([^ ]*\) \([^ ]*\)$/  {"\2", (void *) \&\2},/p'\'''
lt_cv_sys_global_symbol_to_c_name_address_lib_prefix='sed -n -e '\''s/^: \([^ ]*\)[ ]*$/  {\"\1\", (void *) 0},/p'\'' -e '\''s/^[ABCDGIRSTW]* \([^ ]*\) \(lib[^ ]*\)$/  {"\2", (void *) \&\2},/p'\'' -e '\''s/^[ABCDGIRSTW]* \([^ ]*\) \([^ ]*\)$/  {"lib\2", (void *) \&\2},/p'\'''
lt_cv_sys_global_symbol_to_cdecl='sed -n -e '\''s/^T .* \(.*\)$/extern int \1();/p'\'' -e '\''s/^[ABCDGIRSTW]* .* \(.*\)$/extern char \1;/p'\'''
lt_cv_sys_max_cmd_len=1572864
lt_cv_to_host_file_cmd=func_convert_file_noop
lt_cv_to_tool_file_cmd=func_convert_file_noop

## ----------------- ##
## Output variables. ##
## ----------------- ##

ACLOCAL='${SHELL} /home/anup/nutrino_stack/libnfc/missing --run aclocal-1.11'
AMDEPBACKSLASH='\'
AMDEP_FALSE='#'
AMDEP_TRUE=''
AMTAR='$${TAR-tar}'
AM_BACKSLASH='\'
AM_DEFAULT_V='$(AM_DEFAULT_VERBOSITY)'
AM_DEFAULT_VERBOSITY='0'
AM_V='$(V)'
AR='ar'
AUTOCONF='${SHELL} /home/anup/nutrino_stack/libnfc/missing --run autoconf'
AUTOHEADER='${SHELL} /home/anup/nutrino_stack/libnfc/missing --run autoheader'
AUTOMAKE='${SHELL} /home/anup/nutrino_stack/libnfc/missing --run automake-1.11'
AWK='mawk'
CC='gcc'
CCDEPMODE='depmode=gcc3'
CFLAGS='-g -O2'
CPP='gcc -E'
CPPFLAGS=''
CYGPATH_W='echo'
DEFS=''
DEPDIR='.deps'
DLLTOOL='false'
DOC_ENABLED_FALSE=''
DOC_ENABLED_TRUE=''
DOXYGEN=''
DRIVERS_CFLAGS=' -DDRIVER_ACR122_USB_ENABLED -DDRIVER_ACR122S_ENABLED -DDRIVER_ARYGON_ENABLED -DDRIVER_PN53X_USB_ENABLED'
DRIVER_ACR122S_ENABLED_FALSE='#'
DRIVER_ACR122S_ENABLED_TRUE=''
DRIVER_ACR122_PCSC_ENABLED_FALSE=''
DRIVER_ACR122_PCSC_ENABLED_TRUE='#'
DRIVER_ACR122_USB_ENABLED_FALSE='#'
DRIVER_ACR122_USB_ENABLED_TRUE=''
DRIVER_ARYGON_ENABLED_FALSE='#'
DRIVER_ARYGON_ENABLED_TRUE=''
DRIVER_PN532_UART_ENABLED_FALSE=''
DRIVER_PN532_UART_ENABLED_TRUE='#'
DRIVER_PN53X_USB_ENABLED_FALSE='#'
DRIVER_PN53X_USB_ENABLED_TRUE=''
DSYMUTIL=''
DUMPBIN=''
ECHO_C=''
ECHO_N='-n'
ECHO_T=''
EGREP='/bin/grep -E'
EXEEXT=''
FGREP='/bin/grep -F'
GREP='/bin/grep'
INSTALL_DATA='${INSTALL} -m 644'
INSTALL_PROGRAM='${INSTALL}'
INSTALL_SCRIPT='${INSTALL}'
INSTALL_STRIP_PROGRAM='$(install_sh) -c -s'
LD='/usr/bin/ld'
LDFLAGS=''
LIBNFC_CFLAGS='-I$(top_srcdir)/libnfc -I$(top_builddir)/include -I$(top_srcdir)/include'
LIBOBJS=''
LIBS=''
LIBTOOL='$(SHELL) $(top_builddir)/libtool'
LIBUSB_ENABLED_FALSE=''
LIBUSB_ENABLED_TRUE=''
LIPO=''
LN_S='ln -s'
LTLIBOBJS=''
MAKEINFO='${SHELL} /home/anup/nutrino_stack/libnfc/missing --run makeinfo'
MANIFEST_TOOL=':'
MKDIR_P='/bin/mkdir -p'
NM='/usr/bin/nm -B'
NMEDIT=''
OBJDUMP='objdump'
OBJEXT='o'
OTOOL64=''
OTOOL=''
PACKAGE='libnfc'
PACKAGE_BUGREPORT='info@libnfc.org'
PACKAGE_NAME='libnfc'
PACKAGE_STRING='libnfc 1.6.0-rc1'
PACKAGE_TARNAME='libnfc'
PACKAGE_URL=''
PACKAGE_VERSION='1.6.0-rc1'
PATH_SEPARATOR=':'
PCSC_ENABLED_FALSE=''
PCSC_ENABLED_TRUE=''
PKG_CONFIG='/usr/bin/pkg-config'
PKG_CONFIG_LIBDIR=''
PKG_CONFIG_PATH=''
PKG_CONFIG_REQUIRES=''
POSIX_ONLY_EXAMPLES_ENABLED_FALSE='#'
POSIX_ONLY_EXAMPLES_ENABLED_TRUE=''
RANLIB='ranlib'
READLINE_INCLUDES=''
READLINE_LIBS=''
SED='/bin/sed'
SET_MAKE=''
SHELL='/bin/bash'
STRIP='strip'
VERSION='1.6.0-rc1'
WITH_CUTTER_FALSE=''
WITH_CUTTER_TRUE=''
WITH_DEBUG_FALSE=''
WITH_DEBUG_TRUE='#'
ac_ct_AR='ar'
ac_ct_CC='gcc'
ac_ct_DUMPBIN=''
am__EXEEXT_FALSE=''
am__EXEEXT_TRUE=''
am__fastdepCC_FALSE='#'
am__fastdepCC_TRUE=''
am__include='include'
am__isrc=''
am__leading_dot='.'
am__nodep='_no'
am__quote=''
am__tar='$${TAR-tar} chof - "$$tardir"'
am__untar='$${TAR-tar} xf -'
bindir='${exec_prefix}/bin'
build='i686-pc-linux-gnu'
build_alias=''
build_cpu='i686'
build_os='linux-gnu'
build_vendor='pc'
datadir='${datarootdir}'
datarootdir='${prefix}/share'
docdir='${datarootdir}/doc/${PACKAGE_TARNAME}'
dvidir='${docdir}'
exec_prefix='NONE'
host='i686-pc-linux-gnu'
host_alias=''
host_cpu='i686'
host_os='linux-gnu'
host_vendor='pc'
htmldir='${docdir}'
includedir='${prefix}/include'
infodir='${datarootdir}/info'
install_sh='${SHELL} /home/anup/nutrino_stack/libnfc/install-sh'
libdir='${exec_prefix}/lib'
libexecdir='${exec_prefix}/libexec'
libpcsclite_CFLAGS=''
libpcsclite_LIBS=''
libusb_CFLAGS=''
libusb_CONFIG=''
libusb_LIBS=''
localedir='${datarootdir}/locale'
localstatedir='${prefix}/var'
mandir='${datarootdir}/man'
mkdir_p='/bin/mkdir -p'
oldincludedir='/usr/include'
pdfdir='${docdir}'
prefix='NONE'
program_transform_name='s,x,x,'
psdir='${docdir}'
sbindir='${exec_prefix}/sbin'
sharedstatedir='${prefix}/com'
sysconfdir='${prefix}/etc'
target_alias=''

## ----------- ##
## confdefs.h. ##
## ----------- ##

/* confdefs.h */
#define PACKAGE_NAME "libnfc"
#define PACKAGE_TARNAME "libnfc"
#define PACKAGE_VERSION "1.6.0-rc1"
#define PACKAGE_STRING "libnfc 1.6.0-rc1"
#define PACKAGE_BUGREPORT "info@libnfc.org"
#define PACKAGE_URL ""
#define SVN_REVISION "exported"
#define PACKAGE "libnfc"
#define VERSION "1.6.0-rc1"
#define STDC_HEADERS 1
#define HAVE_SYS_TYPES_H 1
#define HAVE_SYS_STAT_H 1
#define HAVE_STDLIB_H 1
#define HAVE_STRING_H 1
#define HAVE_MEMORY_H 1
#define HAVE_STRINGS_H 1
#define HAVE_INTTYPES_H 1
#define HAVE_STDINT_H 1
#define HAVE_UNISTD_H 1
#define HAVE_DLFCN_H 1
#define LT_OBJDIR ".libs/"
#define STDC_HEADERS 1
#define HAVE__BOOL 1
#define HAVE_STDBOOL_H 1
#define HAVE_FCNTL_H 1
#define HAVE_LIMITS_H 1
#define HAVE_STDIO_H 1
#define HAVE_STDLIB_H 1
#define HAVE_STDINT_H 1
#define HAVE_STDDEF_H 1
#define HAVE_STDBOOL_H 1
#define HAVE_SYS_IOCTL_H 1
#define HAVE_SYS_PARAM_H 1
#define HAVE_SYS_TIME_H 1
#define HAVE_TERMIOS_H 1
#define HAVE_MEMMOVE 1
#define _XOPEN_SOURCE 600
#define HAVE_MEMSET 1
#define _XOPEN_SOURCE 600
#define HAVE_SELECT 1
#define _XOPEN_SOURCE 600
#define HAVE_STRDUP 1
#define _XOPEN_SOURCE 600
#define HAVE_STRERROR 1
#define _XOPEN_SOURCE 600
#define HAVE_STRSTR 1
#define _XOPEN_SOURCE 600
#define HAVE_STRTOL 1
#define _XOPEN_SOURCE 600
#define HAVE_USLEEP 1
#define _XOPEN_SOURCE 600
#define _NETBSD_SOURCE 1
#define _DARWIN_C_SOURCE 1

configure: exit 1
